TN:
SF:server.js
FN:22,(anonymous_0)
FN:32,initDatabase
FN:33,(anonymous_2)
FN:76,checkWinner
FN:86,checkForDraw
FN:87,(anonymous_5)
FN:93,(anonymous_6)
FN:101,(anonymous_7)
FN:118,(anonymous_8)
FN:124,(anonymous_9)
FN:146,(anonymous_10)
FN:161,(anonymous_11)
FN:197,(anonymous_12)
FN:207,(anonymous_13)
FN:235,(anonymous_14)
FN:245,(anonymous_15)
FN:250,(anonymous_16)
FN:257,(anonymous_17)
FN:269,(anonymous_18)
FN:272,(anonymous_19)
FN:283,updatePlayerStats
FN:307,(anonymous_21)
FN:316,(anonymous_22)
FN:321,(anonymous_23)
FN:327,(anonymous_24)
FN:334,gracefulShutdown
FN:338,(anonymous_26)
FN:340,(anonymous_27)
FN:353,(anonymous_28)
FN:358,(anonymous_29)
FN:371,(anonymous_30)
FN:372,(anonymous_31)
FN:376,(anonymous_32)
FNF:33
FNH:18
FNDA:2,(anonymous_0)
FNDA:2,initDatabase
FNDA:2,(anonymous_2)
FNDA:15,checkWinner
FNDA:14,checkForDraw
FNDA:63,(anonymous_5)
FNDA:3,(anonymous_6)
FNDA:3,(anonymous_7)
FNDA:4,(anonymous_8)
FNDA:4,(anonymous_9)
FNDA:18,(anonymous_10)
FNDA:17,(anonymous_11)
FNDA:15,(anonymous_12)
FNDA:15,(anonymous_13)
FNDA:0,(anonymous_14)
FNDA:0,(anonymous_15)
FNDA:0,(anonymous_16)
FNDA:0,(anonymous_17)
FNDA:1,(anonymous_18)
FNDA:1,(anonymous_19)
FNDA:2,updatePlayerStats
FNDA:2,(anonymous_21)
FNDA:0,(anonymous_22)
FNDA:0,(anonymous_23)
FNDA:0,(anonymous_24)
FNDA:0,gracefulShutdown
FNDA:0,(anonymous_26)
FNDA:0,(anonymous_27)
FNDA:0,(anonymous_28)
FNDA:0,(anonymous_29)
FNDA:0,(anonymous_30)
FNDA:0,(anonymous_31)
FNDA:0,(anonymous_32)
DA:1,2
DA:2,2
DA:3,2
DA:4,2
DA:5,2
DA:6,2
DA:7,2
DA:8,2
DA:10,2
DA:11,2
DA:14,2
DA:15,2
DA:16,2
DA:17,2
DA:18,2
DA:21,2
DA:22,2
DA:23,2
DA:24,0
DA:26,2
DA:27,2
DA:33,2
DA:35,2
DA:46,2
DA:56,2
DA:70,2
DA:77,15
DA:78,113
DA:79,113
DA:80,1
DA:83,14
DA:87,63
DA:93,2
DA:94,3
DA:95,3
DA:96,3
DA:98,3
DA:102,3
DA:103,0
DA:104,0
DA:106,3
DA:118,2
DA:119,4
DA:121,4
DA:125,4
DA:126,0
DA:127,0
DA:129,4
DA:130,1
DA:132,3
DA:146,2
DA:147,18
DA:148,18
DA:150,18
DA:151,0
DA:154,18
DA:155,1
DA:158,17
DA:162,17
DA:163,0
DA:164,0
DA:166,17
DA:167,0
DA:170,17
DA:171,17
DA:173,17
DA:174,1
DA:177,16
DA:178,1
DA:181,15
DA:182,0
DA:186,15
DA:187,15
DA:190,15
DA:191,15
DA:194,15
DA:198,15
DA:199,0
DA:200,0
DA:204,15
DA:208,15
DA:209,0
DA:210,0
DA:214,15
DA:215,2
DA:218,15
DA:235,2
DA:236,0
DA:246,0
DA:247,0
DA:248,0
DA:250,0
DA:258,0
DA:259,0
DA:269,2
DA:270,1
DA:273,1
DA:274,0
DA:275,0
DA:277,1
DA:284,2
DA:285,1
DA:289,1
DA:290,1
DA:293,1
DA:299,1
DA:307,2
DA:308,2
DA:316,2
DA:317,0
DA:321,2
DA:322,0
DA:323,0
DA:327,2
DA:328,0
DA:335,0
DA:337,0
DA:338,0
DA:339,0
DA:340,0
DA:341,0
DA:342,0
DA:343,0
DA:345,0
DA:346,0
DA:347,0
DA:353,0
DA:354,0
DA:355,0
DA:358,0
DA:359,0
DA:360,0
DA:361,0
DA:363,0
DA:364,0
DA:371,2
DA:372,2
DA:375,2
DA:376,0
DA:377,0
DA:378,0
DA:382,2
LF:142
LH:92
BRDA:11,0,0,2
BRDA:11,0,1,2
BRDA:21,1,0,2
BRDA:21,1,1,2
BRDA:23,2,0,0
BRDA:23,2,1,2
BRDA:79,3,0,1
BRDA:79,3,1,112
BRDA:79,4,0,113
BRDA:79,4,1,77
BRDA:79,4,2,15
BRDA:102,5,0,0
BRDA:102,5,1,3
BRDA:125,6,0,0
BRDA:125,6,1,4
BRDA:129,7,0,1
BRDA:129,7,1,3
BRDA:150,8,0,0
BRDA:150,8,1,18
BRDA:150,9,0,18
BRDA:150,9,1,18
BRDA:154,10,0,1
BRDA:154,10,1,17
BRDA:154,11,0,18
BRDA:154,11,1,18
BRDA:162,12,0,0
BRDA:162,12,1,17
BRDA:166,13,0,0
BRDA:166,13,1,17
BRDA:173,14,0,1
BRDA:173,14,1,16
BRDA:177,15,0,1
BRDA:177,15,1,15
BRDA:181,16,0,0
BRDA:181,16,1,15
BRDA:181,17,0,15
BRDA:181,17,1,15
BRDA:187,18,0,9
BRDA:187,18,1,6
BRDA:191,19,0,15
BRDA:191,19,1,14
BRDA:198,20,0,0
BRDA:198,20,1,15
BRDA:208,21,0,0
BRDA:208,21,1,15
BRDA:214,22,0,2
BRDA:214,22,1,13
BRDA:214,23,0,15
BRDA:214,23,1,14
BRDA:246,24,0,0
BRDA:246,24,1,0
BRDA:256,25,0,0
BRDA:256,25,1,0
BRDA:257,26,0,0
BRDA:257,26,1,0
BRDA:273,27,0,0
BRDA:273,27,1,1
BRDA:284,28,0,1
BRDA:284,28,1,1
BRDA:289,29,0,1
BRDA:289,29,1,0
BRDA:290,30,0,1
BRDA:290,30,1,0
BRDA:337,31,0,0
BRDA:337,31,1,0
BRDA:341,32,0,0
BRDA:341,32,1,0
BRDA:359,33,0,0
BRDA:359,33,1,0
BRDA:375,34,0,0
BRDA:375,34,1,2
BRF:71
BRH:46
end_of_record
